<?xml version="1.0" encoding="UTF-8"?>
<testng-results total="2" passed="2" failed="0" skipped="0">
  <reporter-output>
  </reporter-output>
  <suite started-at="2024-08-29T12:22:47Z" name="Test Suite for Buildout" finished-at="2024-08-29T12:23:33Z" duration-ms="46165">
    <groups>
    </groups>
    <test started-at="2024-08-29T12:22:47Z" name="Test Cases for Buildout" finished-at="2024-08-29T12:23:33Z" duration-ms="46165">
      <class name="demo.TestCases">
        <test-method is-config="true" signature="startBrowser()[pri:0, instance:demo.TestCases@70efb718]" started-at="2024-08-29T17:52:47Z" name="startBrowser" finished-at="2024-08-29T17:52:51Z" duration-ms="3886" status="PASS">
          <reporter-output>
          </reporter-output>
        </test-method> <!-- startBrowser -->
        <test-method signature="testCase01()[pri:1, instance:demo.TestCases@70efb718]" started-at="2024-08-29T17:52:51Z" name="testCase01" description="Web Scraping Sandbox" finished-at="2024-08-29T17:53:14Z" duration-ms="23232" status="PASS">
          <reporter-output>
          </reporter-output>
        </test-method> <!-- testCase01 -->
        <test-method signature="testCase02()[pri:2, instance:demo.TestCases@70efb718]" started-at="2024-08-29T17:53:14Z" name="testCase02" description="click on &quot;Oscar Winning Films" finished-at="2024-08-29T17:53:32Z" duration-ms="18034" status="PASS">
          <reporter-output>
          </reporter-output>
        </test-method> <!-- testCase02 -->
        <test-method is-config="true" signature="endTest()[pri:0, instance:demo.TestCases@70efb718]" started-at="2024-08-29T17:53:32Z" name="endTest" finished-at="2024-08-29T17:53:33Z" duration-ms="991" status="PASS">
          <reporter-output>
          </reporter-output>
        </test-method> <!-- endTest -->
      </class> <!-- demo.TestCases -->
    </test> <!-- Test Cases for Buildout -->
  </suite> <!-- Test Suite for Buildout -->
</testng-results>
